localhost 0:0:0:0:0:0:0:1 - - [2016-12-16 00:36:30] "GET /sensor/nodeinfo/list HTTP/1.1" 200 - "-" "Mozilla/5.0 (Windows NT 10.0; WOW64) AppleWebKit/537.36 (KHTML, like Gecko) Chrome/55.0.2883.87 Safari/537.36" "JSESSIONID=1xyo9plchn63cl7018xyt6lpa"
localhost 0:0:0:0:0:0:0:1 - - [2016-12-16 00:38:12] "GET /sensor/nodeinfo/list HTTP/1.1" 200 - "-" "Mozilla/5.0 (Windows NT 10.0; WOW64) AppleWebKit/537.36 (KHTML, like Gecko) Chrome/55.0.2883.87 Safari/537.36" "JSESSIONID=hgblc2e216ynkp9azeqf2wr8"
localhost 0:0:0:0:0:0:0:1 - - [2016-12-16 00:43:08] "GET /sensor/nodeinfo/list HTTP/1.1" 200 - "-" "Mozilla/5.0 (Windows NT 10.0; WOW64) AppleWebKit/537.36 (KHTML, like Gecko) Chrome/55.0.2883.87 Safari/537.36" "JSESSIONID=1ifq6100gdo8b9x9vcjzzyoc0"
localhost 0:0:0:0:0:0:0:1 - - [2016-12-16 00:47:35] "GET /sensor/nodeinfo/list HTTP/1.1" 200 - "-" "Mozilla/5.0 (Windows NT 10.0; WOW64) AppleWebKit/537.36 (KHTML, like Gecko) Chrome/55.0.2883.87 Safari/537.36" "JSESSIONID=44iody95yf591zce824eclbh"
localhost 0:0:0:0:0:0:0:1 - - [2016-12-16 00:53:00] "GET /sensor/nodeinfo/list HTTP/1.1" 200 - "-" "Mozilla/5.0 (Windows NT 10.0; WOW64) AppleWebKit/537.36 (KHTML, like Gecko) Chrome/55.0.2883.87 Safari/537.36" "JSESSIONID=1dmtsajfikwntbrylnlkmz3za"
localhost 0:0:0:0:0:0:0:1 - - [2016-12-16 00:55:03] "GET /sensor/nodeinfo/list HTTP/1.1" 200 - "-" "Mozilla/5.0 (Windows NT 10.0; WOW64) AppleWebKit/537.36 (KHTML, like Gecko) Chrome/55.0.2883.87 Safari/537.36" "JSESSIONID=1kfc4h1lxb3m8m1v02jhzdo3g"
localhost 0:0:0:0:0:0:0:1 - - [2016-12-16 13:00:08] "GET /sensor/nodeinfo/list HTTP/1.1" 200 - "-" "Mozilla/5.0 (Windows NT 10.0; WOW64) AppleWebKit/537.36 (KHTML, like Gecko) Chrome/55.0.2883.87 Safari/537.36" "JSESSIONID=kdv9jzj9txosuf040s7n1o9n"
localhost 0:0:0:0:0:0:0:1 - - [2016-12-16 13:03:28] "GET /sensor/nodeinfo/list HTTP/1.1" 200 - "-" "Mozilla/5.0 (Windows NT 10.0; WOW64) AppleWebKit/537.36 (KHTML, like Gecko) Chrome/55.0.2883.87 Safari/537.36" "JSESSIONID=9f8kgx2m3cjb27ymcso39bjm"
localhost 0:0:0:0:0:0:0:1 - - [2016-12-16 13:10:00] "GET /sensor/nodeinfo/list HTTP/1.1" 200 - "-" "Mozilla/5.0 (Windows NT 10.0; WOW64) AppleWebKit/537.36 (KHTML, like Gecko) Chrome/55.0.2883.87 Safari/537.36" "JSESSIONID=m3iuagablu2txrkxxfqsplbu"
localhost 0:0:0:0:0:0:0:1 - - [2016-12-16 13:38:56] "GET /sensor/search/type HTTP/1.1" 200 - "-" "Mozilla/5.0 (Windows NT 10.0; WOW64) AppleWebKit/537.36 (KHTML, like Gecko) Chrome/55.0.2883.87 Safari/537.36" "JSESSIONID=kxda2g6pj5661o5fm243nq0ub"
localhost 0:0:0:0:0:0:0:1 - - [2016-12-16 13:44:50] "GET /sensor/search/type HTTP/1.1" 200 - "-" "Mozilla/5.0 (Windows NT 10.0; WOW64) AppleWebKit/537.36 (KHTML, like Gecko) Chrome/55.0.2883.87 Safari/537.36" "JSESSIONID=1nlp06uwc15ew1k91lkaeq31nm"
localhost 0:0:0:0:0:0:0:1 - - [2016-12-16 13:49:55] "GET /sensor/nodeinfo/list HTTP/1.1" 200 - "-" "Mozilla/5.0 (Windows NT 10.0; WOW64) AppleWebKit/537.36 (KHTML, like Gecko) Chrome/55.0.2883.87 Safari/537.36" "JSESSIONID=zqbjyjs2gskqihr92ibwthbq"
localhost 0:0:0:0:0:0:0:1 - - [2016-12-16 13:50:30] "GET /sensor/data/latestAll HTTP/1.1" 200 - "-" "Mozilla/5.0 (Windows NT 10.0; WOW64) AppleWebKit/537.36 (KHTML, like Gecko) Chrome/55.0.2883.87 Safari/537.36" "JSESSIONID=zqbjyjs2gskqihr92ibwthbq"
localhost 0:0:0:0:0:0:0:1 - - [2016-12-16 13:51:55] "GET /sensor/data/latestAll HTTP/1.1" 200 - "-" "Mozilla/5.0 (Windows NT 10.0; WOW64) AppleWebKit/537.36 (KHTML, like Gecko) Chrome/55.0.2883.87 Safari/537.36" "JSESSIONID=zqbjyjs2gskqihr92ibwthbq"
localhost 0:0:0:0:0:0:0:1 - - [2016-12-16 13:55:31] "GET /sensor/data/latestAll HTTP/1.1" 200 - "-" "Mozilla/5.0 (Windows NT 10.0; WOW64) AppleWebKit/537.36 (KHTML, like Gecko) Chrome/55.0.2883.87 Safari/537.36" "JSESSIONID=1hwnuy2ipqqugs53j1ezi5k65"
localhost 0:0:0:0:0:0:0:1 - - [2016-12-16 13:58:26] "GET /sensor/data/latestAll HTTP/1.1" 200 - "-" "Mozilla/5.0 (Windows NT 10.0; WOW64) AppleWebKit/537.36 (KHTML, like Gecko) Chrome/55.0.2883.87 Safari/537.36" "JSESSIONID=su1v8a0ybdmhu82f9cw02laj"
localhost 0:0:0:0:0:0:0:1 - - [2016-12-16 13:59:15] "GET /sensor/data/latestAll HTTP/1.1" 200 - "-" "Mozilla/5.0 (Windows NT 10.0; WOW64) AppleWebKit/537.36 (KHTML, like Gecko) Chrome/55.0.2883.87 Safari/537.36" "JSESSIONID=su1v8a0ybdmhu82f9cw02laj"
localhost 0:0:0:0:0:0:0:1 - - [2016-12-16 14:00:03] "GET /sensor/data/latestRange HTTP/1.1" 200 - "-" "Mozilla/5.0 (Windows NT 10.0; WOW64) AppleWebKit/537.36 (KHTML, like Gecko) Chrome/55.0.2883.87 Safari/537.36" "JSESSIONID=16mxd4ox23b32179tojfv8on1r"
localhost 0:0:0:0:0:0:0:1 - - [2016-12-16 14:04:26] "GET /sensor/data/latestRange HTTP/1.1" 200 - "-" "Mozilla/5.0 (Windows NT 10.0; WOW64) AppleWebKit/537.36 (KHTML, like Gecko) Chrome/55.0.2883.87 Safari/537.36" "JSESSIONID=16mxd4ox23b32179tojfv8on1r"
localhost 0:0:0:0:0:0:0:1 - - [2016-12-16 14:04:58] "GET /sensor/data/range HTTP/1.1" 200 - "-" "Mozilla/5.0 (Windows NT 10.0; WOW64) AppleWebKit/537.36 (KHTML, like Gecko) Chrome/55.0.2883.87 Safari/537.36" "JSESSIONID=1es6mcj3ep5da3672ck9srue1"
localhost 0:0:0:0:0:0:0:1 - - [2016-12-16 14:05:25] "GET /sensor/search/type HTTP/1.1" 200 - "-" "Mozilla/5.0 (Windows NT 10.0; WOW64) AppleWebKit/537.36 (KHTML, like Gecko) Chrome/55.0.2883.87 Safari/537.36" "JSESSIONID=1es6mcj3ep5da3672ck9srue1"
localhost 0:0:0:0:0:0:0:1 - - [2016-12-16 14:05:38] "GET /sensor/search/area HTTP/1.1" 200 - "-" "Mozilla/5.0 (Windows NT 10.0; WOW64) AppleWebKit/537.36 (KHTML, like Gecko) Chrome/55.0.2883.87 Safari/537.36" "JSESSIONID=1es6mcj3ep5da3672ck9srue1"
localhost 0:0:0:0:0:0:0:1 - - [2016-12-16 14:09:36] "GET /sensor/data/input HTTP/1.1" 200 - "-" "Mozilla/5.0 (Windows NT 10.0; WOW64) AppleWebKit/537.36 (KHTML, like Gecko) Chrome/55.0.2883.87 Safari/537.36" "JSESSIONID=1es6mcj3ep5da3672ck9srue1"
localhost 0:0:0:0:0:0:0:1 - - [2016-12-16 14:10:24] "POST /sensor/data/input HTTP/1.1" 200 - "http://localhost:8080/sensor/data/input" "Mozilla/5.0 (Windows NT 10.0; WOW64) AppleWebKit/537.36 (KHTML, like Gecko) Chrome/55.0.2883.87 Safari/537.36" "JSESSIONID=1es6mcj3ep5da3672ck9srue1"
localhost 0:0:0:0:0:0:0:1 - - [2016-12-16 14:11:03] "GET /sensor/data/latestAll HTTP/1.1" 200 - "-" "Mozilla/5.0 (Windows NT 10.0; WOW64) AppleWebKit/537.36 (KHTML, like Gecko) Chrome/55.0.2883.87 Safari/537.36" "JSESSIONID=1es6mcj3ep5da3672ck9srue1"
localhost 0:0:0:0:0:0:0:1 - - [2016-12-16 14:16:05] "GET /sensor/data/latestRange HTTP/1.1" 200 - "-" "Mozilla/5.0 (Windows NT 10.0; WOW64) AppleWebKit/537.36 (KHTML, like Gecko) Chrome/55.0.2883.87 Safari/537.36" "JSESSIONID=1es6mcj3ep5da3672ck9srue1"
localhost 0:0:0:0:0:0:0:1 - - [2016-12-16 14:16:35] "GET /sensor/search/type HTTP/1.1" 200 - "-" "Mozilla/5.0 (Windows NT 10.0; WOW64) AppleWebKit/537.36 (KHTML, like Gecko) Chrome/55.0.2883.87 Safari/537.36" "JSESSIONID=3s414w7ih3gpb2m2wtxe0cx2"
