localhost 0:0:0:0:0:0:0:1 - - [2016-12-08 17:06:11] "GET / HTTP/1.1" 200 - "-" "Mozilla/5.0 (Windows NT 6.3; WOW64) AppleWebKit/537.36 (KHTML, like Gecko) Chrome/54.0.2840.99 Safari/537.36" -
localhost 0:0:0:0:0:0:0:1 - - [2016-12-08 17:06:12] "GET /favicon.ico HTTP/1.1" 404 295 "http://localhost:8080/" "Mozilla/5.0 (Windows NT 6.3; WOW64) AppleWebKit/537.36 (KHTML, like Gecko) Chrome/54.0.2840.99 Safari/537.36" "JSESSIONID=1p9jd1mlc8qemvo9zg9mwuzjb"
localhost 0:0:0:0:0:0:0:1 - - [2016-12-08 17:07:19] "GET /sensor/nodeinfo/list HTTP/1.1" 200 - "-" "Mozilla/5.0 (Windows NT 6.3; WOW64) AppleWebKit/537.36 (KHTML, like Gecko) Chrome/54.0.2840.99 Safari/537.36" "JSESSIONID=1p9jd1mlc8qemvo9zg9mwuzjb"
localhost 0:0:0:0:0:0:0:1 - - [2016-12-08 17:08:20] "GET /sensor/data/input HTTP/1.1" 200 - "-" "Mozilla/5.0 (Windows NT 6.3; WOW64) AppleWebKit/537.36 (KHTML, like Gecko) Chrome/54.0.2840.99 Safari/537.36" "JSESSIONID=1p9jd1mlc8qemvo9zg9mwuzjb"
localhost 0:0:0:0:0:0:0:1 - - [2016-12-08 17:09:24] "POST /sensor/data/input HTTP/1.1" 200 - "http://localhost:8080/sensor/data/input" "Mozilla/5.0 (Windows NT 6.3; WOW64) AppleWebKit/537.36 (KHTML, like Gecko) Chrome/54.0.2840.99 Safari/537.36" "JSESSIONID=1p9jd1mlc8qemvo9zg9mwuzjb"
localhost 0:0:0:0:0:0:0:1 - - [2016-12-08 17:09:43] "GET /sensor/data/input HTTP/1.1" 200 - "-" "Mozilla/5.0 (Windows NT 6.3; WOW64) AppleWebKit/537.36 (KHTML, like Gecko) Chrome/54.0.2840.99 Safari/537.36" "JSESSIONID=1p9jd1mlc8qemvo9zg9mwuzjb"
localhost 0:0:0:0:0:0:0:1 - - [2016-12-08 17:10:00] "POST /sensor/data/input HTTP/1.1" 200 - "http://localhost:8080/sensor/data/input" "Mozilla/5.0 (Windows NT 6.3; WOW64) AppleWebKit/537.36 (KHTML, like Gecko) Chrome/54.0.2840.99 Safari/537.36" "JSESSIONID=1p9jd1mlc8qemvo9zg9mwuzjb"
localhost 0:0:0:0:0:0:0:1 - - [2016-12-08 17:11:36] "GET /sensor/data/input HTTP/1.1" 200 - "-" "Mozilla/5.0 (Windows NT 6.3; WOW64) AppleWebKit/537.36 (KHTML, like Gecko) Chrome/54.0.2840.99 Safari/537.36" "JSESSIONID=1p9jd1mlc8qemvo9zg9mwuzjb"
localhost 0:0:0:0:0:0:0:1 - - [2016-12-08 17:11:38] "POST /sensor/data/input HTTP/1.1" 200 - "http://localhost:8080/sensor/data/input" "Mozilla/5.0 (Windows NT 6.3; WOW64) AppleWebKit/537.36 (KHTML, like Gecko) Chrome/54.0.2840.99 Safari/537.36" "JSESSIONID=1p9jd1mlc8qemvo9zg9mwuzjb"
localhost 0:0:0:0:0:0:0:1 - - [2016-12-08 17:11:46] "GET /sensor/data/input HTTP/1.1" 200 - "-" "Mozilla/5.0 (Windows NT 6.3; WOW64) AppleWebKit/537.36 (KHTML, like Gecko) Chrome/54.0.2840.99 Safari/537.36" "JSESSIONID=1p9jd1mlc8qemvo9zg9mwuzjb"
localhost 0:0:0:0:0:0:0:1 - - [2016-12-08 17:12:23] "POST /sensor/data/input HTTP/1.1" 200 - "http://localhost:8080/sensor/data/input" "Mozilla/5.0 (Windows NT 6.3; WOW64) AppleWebKit/537.36 (KHTML, like Gecko) Chrome/54.0.2840.99 Safari/537.36" "JSESSIONID=1p9jd1mlc8qemvo9zg9mwuzjb"
localhost 0:0:0:0:0:0:0:1 - - [2016-12-08 17:12:32] "GET /sensor/data/input HTTP/1.1" 200 - "-" "Mozilla/5.0 (Windows NT 6.3; WOW64) AppleWebKit/537.36 (KHTML, like Gecko) Chrome/54.0.2840.99 Safari/537.36" "JSESSIONID=1p9jd1mlc8qemvo9zg9mwuzjb"
localhost 0:0:0:0:0:0:0:1 - - [2016-12-08 17:12:59] "POST /sensor/data/input HTTP/1.1" 200 - "http://localhost:8080/sensor/data/input" "Mozilla/5.0 (Windows NT 6.3; WOW64) AppleWebKit/537.36 (KHTML, like Gecko) Chrome/54.0.2840.99 Safari/537.36" "JSESSIONID=1p9jd1mlc8qemvo9zg9mwuzjb"
localhost 0:0:0:0:0:0:0:1 - - [2016-12-08 17:13:39] "GET /sensor/data/latestAll HTTP/1.1" 200 - "-" "Mozilla/5.0 (Windows NT 6.3; WOW64) AppleWebKit/537.36 (KHTML, like Gecko) Chrome/54.0.2840.99 Safari/537.36" "JSESSIONID=1p9jd1mlc8qemvo9zg9mwuzjb"
localhost 0:0:0:0:0:0:0:1 - - [2016-12-08 17:14:25] "GET /sensor/data/latestRange HTTP/1.1" 200 - "-" "Mozilla/5.0 (Windows NT 6.3; WOW64) AppleWebKit/537.36 (KHTML, like Gecko) Chrome/54.0.2840.99 Safari/537.36" "JSESSIONID=1p9jd1mlc8qemvo9zg9mwuzjb"
localhost 0:0:0:0:0:0:0:1 - - [2016-12-08 17:15:44] "GET /sensor/data/range HTTP/1.1" 200 - "-" "Mozilla/5.0 (Windows NT 6.3; WOW64) AppleWebKit/537.36 (KHTML, like Gecko) Chrome/54.0.2840.99 Safari/537.36" "JSESSIONID=1p9jd1mlc8qemvo9zg9mwuzjb"
localhost 0:0:0:0:0:0:0:1 - - [2016-12-08 17:18:05] "GET /sensor/search/type HTTP/1.1" 200 - "-" "Mozilla/5.0 (Windows NT 6.3; WOW64) AppleWebKit/537.36 (KHTML, like Gecko) Chrome/54.0.2840.99 Safari/537.36" "JSESSIONID=1p9jd1mlc8qemvo9zg9mwuzjb"
localhost 0:0:0:0:0:0:0:1 - - [2016-12-08 17:18:50] "GET /sensor/search/area HTTP/1.1" 200 - "-" "Mozilla/5.0 (Windows NT 6.3; WOW64) AppleWebKit/537.36 (KHTML, like Gecko) Chrome/54.0.2840.99 Safari/537.36" "JSESSIONID=1p9jd1mlc8qemvo9zg9mwuzjb"
localhost 0:0:0:0:0:0:0:1 - - [2016-12-08 18:45:01] "GET / HTTP/1.1" 200 - "-" "Mozilla/5.0 (Windows NT 6.3; WOW64) AppleWebKit/537.36 (KHTML, like Gecko) Chrome/54.0.2840.99 Safari/537.36" -
localhost 0:0:0:0:0:0:0:1 - - [2016-12-08 18:45:04] "GET /favicon.ico HTTP/1.1" 404 295 "http://localhost:8080/" "Mozilla/5.0 (Windows NT 6.3; WOW64) AppleWebKit/537.36 (KHTML, like Gecko) Chrome/54.0.2840.99 Safari/537.36" "JSESSIONID=1niztj64xhiob100sj8rs28wjj"
localhost 0:0:0:0:0:0:0:1 - - [2016-12-08 18:46:17] "GET /sensor/nodeinfo/list HTTP/1.1" 200 - "-" "Mozilla/5.0 (Windows NT 6.3; WOW64) AppleWebKit/537.36 (KHTML, like Gecko) Chrome/54.0.2840.99 Safari/537.36" "JSESSIONID=1niztj64xhiob100sj8rs28wjj"
localhost 0:0:0:0:0:0:0:1 - - [2016-12-08 18:47:16] "GET /sensor/data/latestAll HTTP/1.1" 200 - "-" "Mozilla/5.0 (Windows NT 6.3; WOW64) AppleWebKit/537.36 (KHTML, like Gecko) Chrome/54.0.2840.99 Safari/537.36" "JSESSIONID=1niztj64xhiob100sj8rs28wjj"
localhost 0:0:0:0:0:0:0:1 - - [2016-12-08 18:48:30] "GET /sensor/data/input HTTP/1.1" 200 - "-" "Mozilla/5.0 (Windows NT 6.3; WOW64) AppleWebKit/537.36 (KHTML, like Gecko) Chrome/54.0.2840.99 Safari/537.36" "JSESSIONID=1niztj64xhiob100sj8rs28wjj"
localhost 0:0:0:0:0:0:0:1 - - [2016-12-08 18:49:44] "POST /sensor/data/input HTTP/1.1" 200 - "http://localhost:8080/sensor/data/input" "Mozilla/5.0 (Windows NT 6.3; WOW64) AppleWebKit/537.36 (KHTML, like Gecko) Chrome/54.0.2840.99 Safari/537.36" "JSESSIONID=1niztj64xhiob100sj8rs28wjj"
